-- The C compiler identification is GNU 11.4.0
-- The CXX compiler identification is GNU 11.4.0
-- Detecting C compiler ABI info
-- Detecting C compiler ABI info - done
-- Check for working C compiler: /usr/bin/cc - skipped
-- Detecting C compile features
-- Detecting C compile features - done
-- Detecting CXX compiler ABI info
-- Detecting CXX compiler ABI info - done
-- Check for working CXX compiler: /usr/bin/c++ - skipped
-- Detecting CXX compile features
-- Detecting CXX compile features - done
-- Found ament_cmake: 1.3.8 (/opt/ros/humble/share/ament_cmake/cmake)
-- Found Python3: /usr/bin/python3 (found version "3.10.12") found components: Interpreter 
-- Found ament_lint_auto: 0.12.10 (/opt/ros/humble/share/ament_lint_auto/cmake)
-- Added test 'cppcheck' to perform static code analysis on C / C++ code
-- Configured cppcheck include dirs: 
-- Configured cppcheck exclude dirs and/or files: 
-- Added test 'lint_cmake' to check CMake code style
-- Added test 'uncrustify' to check C / C++ code style
-- Configured uncrustify additional arguments: 
-- Added test 'xmllint' to check XML markup files
-- Configuring done
-- Generating done
-- Build files have been written to: /home/pupper1/pupper_ws/src/pupperstatecontroller/build/pupperstatecontroller
-- Install configuration: ""
-- Installing: /home/pupper1/pupper_ws/src/pupperstatecontroller/install/pupperstatecontroller/share/ament_index/resource_index/package_run_dependencies/pupperstatecontroller
-- Installing: /home/pupper1/pupper_ws/src/pupperstatecontroller/install/pupperstatecontroller/share/ament_index/resource_index/parent_prefix_path/pupperstatecontroller
-- Installing: /home/pupper1/pupper_ws/src/pupperstatecontroller/install/pupperstatecontroller/share/pupperstatecontroller/environment/ament_prefix_path.sh
-- Installing: /home/pupper1/pupper_ws/src/pupperstatecontroller/install/pupperstatecontroller/share/pupperstatecontroller/environment/ament_prefix_path.dsv
-- Installing: /home/pupper1/pupper_ws/src/pupperstatecontroller/install/pupperstatecontroller/share/pupperstatecontroller/environment/path.sh
-- Installing: /home/pupper1/pupper_ws/src/pupperstatecontroller/install/pupperstatecontroller/share/pupperstatecontroller/environment/path.dsv
-- Installing: /home/pupper1/pupper_ws/src/pupperstatecontroller/install/pupperstatecontroller/share/pupperstatecontroller/local_setup.bash
-- Installing: /home/pupper1/pupper_ws/src/pupperstatecontroller/install/pupperstatecontroller/share/pupperstatecontroller/local_setup.sh
-- Installing: /home/pupper1/pupper_ws/src/pupperstatecontroller/install/pupperstatecontroller/share/pupperstatecontroller/local_setup.zsh
-- Installing: /home/pupper1/pupper_ws/src/pupperstatecontroller/install/pupperstatecontroller/share/pupperstatecontroller/local_setup.dsv
-- Installing: /home/pupper1/pupper_ws/src/pupperstatecontroller/install/pupperstatecontroller/share/pupperstatecontroller/package.dsv
-- Installing: /home/pupper1/pupper_ws/src/pupperstatecontroller/install/pupperstatecontroller/share/ament_index/resource_index/packages/pupperstatecontroller
-- Installing: /home/pupper1/pupper_ws/src/pupperstatecontroller/install/pupperstatecontroller/share/pupperstatecontroller/cmake/pupperstatecontrollerConfig.cmake
-- Installing: /home/pupper1/pupper_ws/src/pupperstatecontroller/install/pupperstatecontroller/share/pupperstatecontroller/cmake/pupperstatecontrollerConfig-version.cmake
-- Installing: /home/pupper1/pupper_ws/src/pupperstatecontroller/install/pupperstatecontroller/share/pupperstatecontroller/package.xml
