[0.452s] Invoking command in '/home/pupper1/pupper_ws/src/pupperstatecontroller/build/pupperstatecontroller': CMAKE_PREFIX_PATH=${CMAKE_PREFIX_PATH}:/home/pupper1/pupper_ws/install/launch_testing_examples:/home/pupper1/pupper_ws/install/examples_rclpy_pointcloud_publisher:/home/pupper1/pupper_ws/install/examples_rclpy_minimal_subscriber:/home/pupper1/pupper_ws/install/examples_rclpy_minimal_service:/home/pupper1/pupper_ws/install/examples_rclpy_minimal_publisher:/home/pupper1/pupper_ws/install/examples_rclpy_minimal_client:/home/pupper1/pupper_ws/install/examples_rclpy_minimal_action_server:/home/pupper1/pupper_ws/install/examples_rclpy_minimal_action_client:/home/pupper1/pupper_ws/install/examples_rclpy_guard_conditions:/home/pupper1/pupper_ws/install/examples_rclpy_executors:/opt/ros/humble /usr/bin/cmake /home/pupper1/pupper_ws/src/pupperstatecontroller -DCMAKE_INSTALL_PREFIX=/home/pupper1/pupper_ws/src/pupperstatecontroller/install/pupperstatecontroller
[0.783s] -- The C compiler identification is GNU 11.4.0
[1.089s] -- The CXX compiler identification is GNU 11.4.0
[1.126s] -- Detecting C compiler ABI info
[1.527s] -- Detecting C compiler ABI info - done
[1.558s] -- Check for working C compiler: /usr/bin/cc - skipped
[1.559s] -- Detecting C compile features
[1.561s] -- Detecting C compile features - done
[1.574s] -- Detecting CXX compiler ABI info
[2.071s] -- Detecting CXX compiler ABI info - done
[2.103s] -- Check for working CXX compiler: /usr/bin/c++ - skipped
[2.104s] -- Detecting CXX compile features
[2.106s] -- Detecting CXX compile features - done
[2.155s] -- Found ament_cmake: 1.3.8 (/opt/ros/humble/share/ament_cmake/cmake)
[3.753s] -- Found Python3: /usr/bin/python3 (found version "3.10.12") found components: Interpreter 
[5.083s] -- Found ament_lint_auto: 0.12.10 (/opt/ros/humble/share/ament_lint_auto/cmake)
[5.913s] -- Added test 'cppcheck' to perform static code analysis on C / C++ code
[5.914s] -- Configured cppcheck include dirs: 
[5.914s] -- Configured cppcheck exclude dirs and/or files: 
[5.944s] -- Added test 'lint_cmake' to check CMake code style
[6.022s] -- Added test 'uncrustify' to check C / C++ code style
[6.023s] -- Configured uncrustify additional arguments: 
[6.036s] -- Added test 'xmllint' to check XML markup files
[6.049s] -- Configuring done
[6.074s] -- Generating done
[6.079s] -- Build files have been written to: /home/pupper1/pupper_ws/src/pupperstatecontroller/build/pupperstatecontroller
[6.098s] Invoked command in '/home/pupper1/pupper_ws/src/pupperstatecontroller/build/pupperstatecontroller' returned '0': CMAKE_PREFIX_PATH=${CMAKE_PREFIX_PATH}:/home/pupper1/pupper_ws/install/launch_testing_examples:/home/pupper1/pupper_ws/install/examples_rclpy_pointcloud_publisher:/home/pupper1/pupper_ws/install/examples_rclpy_minimal_subscriber:/home/pupper1/pupper_ws/install/examples_rclpy_minimal_service:/home/pupper1/pupper_ws/install/examples_rclpy_minimal_publisher:/home/pupper1/pupper_ws/install/examples_rclpy_minimal_client:/home/pupper1/pupper_ws/install/examples_rclpy_minimal_action_server:/home/pupper1/pupper_ws/install/examples_rclpy_minimal_action_client:/home/pupper1/pupper_ws/install/examples_rclpy_guard_conditions:/home/pupper1/pupper_ws/install/examples_rclpy_executors:/opt/ros/humble /usr/bin/cmake /home/pupper1/pupper_ws/src/pupperstatecontroller -DCMAKE_INSTALL_PREFIX=/home/pupper1/pupper_ws/src/pupperstatecontroller/install/pupperstatecontroller
[6.112s] Invoking command in '/home/pupper1/pupper_ws/src/pupperstatecontroller/build/pupperstatecontroller': CMAKE_PREFIX_PATH=${CMAKE_PREFIX_PATH}:/home/pupper1/pupper_ws/install/launch_testing_examples:/home/pupper1/pupper_ws/install/examples_rclpy_pointcloud_publisher:/home/pupper1/pupper_ws/install/examples_rclpy_minimal_subscriber:/home/pupper1/pupper_ws/install/examples_rclpy_minimal_service:/home/pupper1/pupper_ws/install/examples_rclpy_minimal_publisher:/home/pupper1/pupper_ws/install/examples_rclpy_minimal_client:/home/pupper1/pupper_ws/install/examples_rclpy_minimal_action_server:/home/pupper1/pupper_ws/install/examples_rclpy_minimal_action_client:/home/pupper1/pupper_ws/install/examples_rclpy_guard_conditions:/home/pupper1/pupper_ws/install/examples_rclpy_executors:/opt/ros/humble /usr/bin/cmake --build /home/pupper1/pupper_ws/src/pupperstatecontroller/build/pupperstatecontroller -- -j4 -l4
[6.291s] Invoked command in '/home/pupper1/pupper_ws/src/pupperstatecontroller/build/pupperstatecontroller' returned '0': CMAKE_PREFIX_PATH=${CMAKE_PREFIX_PATH}:/home/pupper1/pupper_ws/install/launch_testing_examples:/home/pupper1/pupper_ws/install/examples_rclpy_pointcloud_publisher:/home/pupper1/pupper_ws/install/examples_rclpy_minimal_subscriber:/home/pupper1/pupper_ws/install/examples_rclpy_minimal_service:/home/pupper1/pupper_ws/install/examples_rclpy_minimal_publisher:/home/pupper1/pupper_ws/install/examples_rclpy_minimal_client:/home/pupper1/pupper_ws/install/examples_rclpy_minimal_action_server:/home/pupper1/pupper_ws/install/examples_rclpy_minimal_action_client:/home/pupper1/pupper_ws/install/examples_rclpy_guard_conditions:/home/pupper1/pupper_ws/install/examples_rclpy_executors:/opt/ros/humble /usr/bin/cmake --build /home/pupper1/pupper_ws/src/pupperstatecontroller/build/pupperstatecontroller -- -j4 -l4
[6.481s] Invoking command in '/home/pupper1/pupper_ws/src/pupperstatecontroller/build/pupperstatecontroller': CMAKE_PREFIX_PATH=${CMAKE_PREFIX_PATH}:/home/pupper1/pupper_ws/install/launch_testing_examples:/home/pupper1/pupper_ws/install/examples_rclpy_pointcloud_publisher:/home/pupper1/pupper_ws/install/examples_rclpy_minimal_subscriber:/home/pupper1/pupper_ws/install/examples_rclpy_minimal_service:/home/pupper1/pupper_ws/install/examples_rclpy_minimal_publisher:/home/pupper1/pupper_ws/install/examples_rclpy_minimal_client:/home/pupper1/pupper_ws/install/examples_rclpy_minimal_action_server:/home/pupper1/pupper_ws/install/examples_rclpy_minimal_action_client:/home/pupper1/pupper_ws/install/examples_rclpy_guard_conditions:/home/pupper1/pupper_ws/install/examples_rclpy_executors:/opt/ros/humble /usr/bin/cmake --install /home/pupper1/pupper_ws/src/pupperstatecontroller/build/pupperstatecontroller
[6.515s] -- Install configuration: ""
[6.517s] -- Installing: /home/pupper1/pupper_ws/src/pupperstatecontroller/install/pupperstatecontroller/share/ament_index/resource_index/package_run_dependencies/pupperstatecontroller
[6.519s] -- Installing: /home/pupper1/pupper_ws/src/pupperstatecontroller/install/pupperstatecontroller/share/ament_index/resource_index/parent_prefix_path/pupperstatecontroller
[6.522s] -- Installing: /home/pupper1/pupper_ws/src/pupperstatecontroller/install/pupperstatecontroller/share/pupperstatecontroller/environment/ament_prefix_path.sh
[6.524s] -- Installing: /home/pupper1/pupper_ws/src/pupperstatecontroller/install/pupperstatecontroller/share/pupperstatecontroller/environment/ament_prefix_path.dsv
[6.526s] -- Installing: /home/pupper1/pupper_ws/src/pupperstatecontroller/install/pupperstatecontroller/share/pupperstatecontroller/environment/path.sh
[6.528s] -- Installing: /home/pupper1/pupper_ws/src/pupperstatecontroller/install/pupperstatecontroller/share/pupperstatecontroller/environment/path.dsv
[6.529s] -- Installing: /home/pupper1/pupper_ws/src/pupperstatecontroller/install/pupperstatecontroller/share/pupperstatecontroller/local_setup.bash
[6.531s] -- Installing: /home/pupper1/pupper_ws/src/pupperstatecontroller/install/pupperstatecontroller/share/pupperstatecontroller/local_setup.sh
[6.533s] -- Installing: /home/pupper1/pupper_ws/src/pupperstatecontroller/install/pupperstatecontroller/share/pupperstatecontroller/local_setup.zsh
[6.534s] -- Installing: /home/pupper1/pupper_ws/src/pupperstatecontroller/install/pupperstatecontroller/share/pupperstatecontroller/local_setup.dsv
[6.535s] -- Installing: /home/pupper1/pupper_ws/src/pupperstatecontroller/install/pupperstatecontroller/share/pupperstatecontroller/package.dsv
[6.538s] -- Installing: /home/pupper1/pupper_ws/src/pupperstatecontroller/install/pupperstatecontroller/share/ament_index/resource_index/packages/pupperstatecontroller
[6.539s] -- Installing: /home/pupper1/pupper_ws/src/pupperstatecontroller/install/pupperstatecontroller/share/pupperstatecontroller/cmake/pupperstatecontrollerConfig.cmake
[6.541s] -- Installing: /home/pupper1/pupper_ws/src/pupperstatecontroller/install/pupperstatecontroller/share/pupperstatecontroller/cmake/pupperstatecontrollerConfig-version.cmake
[6.542s] -- Installing: /home/pupper1/pupper_ws/src/pupperstatecontroller/install/pupperstatecontroller/share/pupperstatecontroller/package.xml
[6.551s] Invoked command in '/home/pupper1/pupper_ws/src/pupperstatecontroller/build/pupperstatecontroller' returned '0': CMAKE_PREFIX_PATH=${CMAKE_PREFIX_PATH}:/home/pupper1/pupper_ws/install/launch_testing_examples:/home/pupper1/pupper_ws/install/examples_rclpy_pointcloud_publisher:/home/pupper1/pupper_ws/install/examples_rclpy_minimal_subscriber:/home/pupper1/pupper_ws/install/examples_rclpy_minimal_service:/home/pupper1/pupper_ws/install/examples_rclpy_minimal_publisher:/home/pupper1/pupper_ws/install/examples_rclpy_minimal_client:/home/pupper1/pupper_ws/install/examples_rclpy_minimal_action_server:/home/pupper1/pupper_ws/install/examples_rclpy_minimal_action_client:/home/pupper1/pupper_ws/install/examples_rclpy_guard_conditions:/home/pupper1/pupper_ws/install/examples_rclpy_executors:/opt/ros/humble /usr/bin/cmake --install /home/pupper1/pupper_ws/src/pupperstatecontroller/build/pupperstatecontroller
