[5.545s] DEBUG:colcon:Command line arguments: ['/usr/bin/colcon', 'build']
[5.545s] DEBUG:colcon:Parsed command line arguments: Namespace(log_base=None, log_level=None, verb_name='build', build_base='build', install_base='install', merge_install=False, symlink_install=False, test_result_base=None, continue_on_error=False, executor='parallel', parallel_workers=4, event_handlers=None, ignore_user_meta=False, metas=['./colcon.meta'], base_paths=['.'], packages_ignore=None, packages_ignore_regex=None, paths=None, packages_up_to=None, packages_up_to_regex=None, packages_above=None, packages_above_and_dependencies=None, packages_above_depth=None, packages_select_by_dep=None, packages_skip_by_dep=None, packages_skip_up_to=None, packages_select_build_failed=False, packages_skip_build_finished=False, packages_select_test_failures=False, packages_skip_test_passed=False, packages_select=None, packages_skip=None, packages_select_regex=None, packages_skip_regex=None, packages_start=None, packages_end=None, allow_overriding=[], cmake_args=None, cmake_target=None, cmake_target_skip_unavailable=False, cmake_clean_cache=False, cmake_clean_first=False, cmake_force_configure=False, ament_cmake_args=None, catkin_cmake_args=None, catkin_skip_building_tests=False, verb_parser=<colcon_defaults.argument_parser.defaults.DefaultArgumentsDecorator object at 0xffff8a9a1420>, verb_extension=<colcon_core.verb.build.BuildVerb object at 0xffff8ad1b0a0>, main=<bound method BuildVerb.main of <colcon_core.verb.build.BuildVerb object at 0xffff8ad1b0a0>>)
[5.804s] Level 1:colcon.colcon_core.package_discovery:discover_packages(colcon_meta) check parameters
[5.805s] Level 1:colcon.colcon_core.package_discovery:discover_packages(recursive) check parameters
[5.805s] Level 1:colcon.colcon_core.package_discovery:discover_packages(ignore) check parameters
[5.805s] Level 1:colcon.colcon_core.package_discovery:discover_packages(path) check parameters
[5.805s] Level 1:colcon.colcon_core.package_discovery:discover_packages(colcon_meta) discover
[5.806s] Level 1:colcon.colcon_core.package_discovery:discover_packages(recursive) discover
[5.806s] INFO:colcon.colcon_core.package_discovery:Crawling recursively for packages in '/home/pupper1/pupper_ws/src/pupperstatecontroller'
[5.806s] Level 1:colcon.colcon_core.package_identification:_identify(.) by extensions ['ignore', 'ignore_ament_install']
[5.807s] Level 1:colcon.colcon_core.package_identification:_identify(.) by extension 'ignore'
[5.807s] Level 1:colcon.colcon_core.package_identification:_identify(.) by extension 'ignore_ament_install'
[5.808s] Level 1:colcon.colcon_core.package_identification:_identify(.) by extensions ['colcon_pkg']
[5.808s] Level 1:colcon.colcon_core.package_identification:_identify(.) by extension 'colcon_pkg'
[5.808s] Level 1:colcon.colcon_core.package_identification:_identify(.) by extensions ['colcon_meta']
[5.808s] Level 1:colcon.colcon_core.package_identification:_identify(.) by extension 'colcon_meta'
[5.808s] Level 1:colcon.colcon_core.package_identification:_identify(.) by extensions ['ros']
[5.808s] Level 1:colcon.colcon_core.package_identification:_identify(.) by extension 'ros'
[5.872s] DEBUG:colcon.colcon_core.package_identification:Package '.' with type 'ros.ament_cmake' and name 'pupperstatecontroller'
[5.872s] Level 1:colcon.colcon_core.package_discovery:discover_packages(recursive) using defaults
[5.872s] Level 1:colcon.colcon_core.package_discovery:discover_packages(ignore) discover
[5.873s] Level 1:colcon.colcon_core.package_discovery:discover_packages(ignore) using defaults
[5.873s] Level 1:colcon.colcon_core.package_discovery:discover_packages(path) discover
[5.873s] Level 1:colcon.colcon_core.package_discovery:discover_packages(path) using defaults
[6.978s] Level 1:colcon.colcon_core.package_discovery:discover_packages(prefix_path) check parameters
[6.978s] Level 1:colcon.colcon_core.package_discovery:discover_packages(prefix_path) discover
[7.282s] DEBUG:colcon.colcon_installed_package_information.package_discovery:Found 13 installed packages in /home/pupper1/pupper_ws/install
[7.384s] DEBUG:colcon.colcon_installed_package_information.package_discovery:Found 288 installed packages in /opt/ros/humble
[7.394s] Level 1:colcon.colcon_core.package_discovery:discover_packages(prefix_path) using defaults
[7.993s] Level 5:colcon.colcon_core.verb:set package 'pupperstatecontroller' build argument 'cmake_args' from command line to 'None'
[7.994s] Level 5:colcon.colcon_core.verb:set package 'pupperstatecontroller' build argument 'cmake_target' from command line to 'None'
[7.994s] Level 5:colcon.colcon_core.verb:set package 'pupperstatecontroller' build argument 'cmake_target_skip_unavailable' from command line to 'False'
[7.994s] Level 5:colcon.colcon_core.verb:set package 'pupperstatecontroller' build argument 'cmake_clean_cache' from command line to 'False'
[7.994s] Level 5:colcon.colcon_core.verb:set package 'pupperstatecontroller' build argument 'cmake_clean_first' from command line to 'False'
[7.994s] Level 5:colcon.colcon_core.verb:set package 'pupperstatecontroller' build argument 'cmake_force_configure' from command line to 'False'
[7.994s] Level 5:colcon.colcon_core.verb:set package 'pupperstatecontroller' build argument 'ament_cmake_args' from command line to 'None'
[7.994s] Level 5:colcon.colcon_core.verb:set package 'pupperstatecontroller' build argument 'catkin_cmake_args' from command line to 'None'
[7.994s] Level 5:colcon.colcon_core.verb:set package 'pupperstatecontroller' build argument 'catkin_skip_building_tests' from command line to 'False'
[7.995s] DEBUG:colcon.colcon_core.verb:Building package 'pupperstatecontroller' with the following arguments: {'ament_cmake_args': None, 'build_base': '/home/pupper1/pupper_ws/src/pupperstatecontroller/build/pupperstatecontroller', 'catkin_cmake_args': None, 'catkin_skip_building_tests': False, 'cmake_args': None, 'cmake_clean_cache': False, 'cmake_clean_first': False, 'cmake_force_configure': False, 'cmake_target': None, 'cmake_target_skip_unavailable': False, 'install_base': '/home/pupper1/pupper_ws/src/pupperstatecontroller/install/pupperstatecontroller', 'merge_install': False, 'path': '/home/pupper1/pupper_ws/src/pupperstatecontroller', 'symlink_install': False, 'test_result_base': None}
[8.079s] INFO:colcon.colcon_core.executor:Executing jobs using 'parallel' executor
[8.159s] DEBUG:colcon.colcon_parallel_executor.executor.parallel:run_until_complete
[8.160s] INFO:colcon.colcon_ros.task.ament_cmake.build:Building ROS package in '/home/pupper1/pupper_ws/src/pupperstatecontroller' with build type 'ament_cmake'
[8.161s] INFO:colcon.colcon_cmake.task.cmake.build:Building CMake package in '/home/pupper1/pupper_ws/src/pupperstatecontroller'
[8.264s] INFO:colcon.colcon_core.plugin_system:Skipping extension 'colcon_core.shell.bat': Not used on non-Windows systems
[8.265s] INFO:colcon.colcon_core.shell:Skip shell extension 'powershell' for command environment: Not usable outside of PowerShell
[8.266s] DEBUG:colcon.colcon_core.shell:Skip shell extension 'dsv' for command environment
[8.614s] DEBUG:colcon.colcon_core.event_handler.log_command:Invoking command in '/home/pupper1/pupper_ws/src/pupperstatecontroller/build/pupperstatecontroller': CMAKE_PREFIX_PATH=${CMAKE_PREFIX_PATH}:/home/pupper1/pupper_ws/install/launch_testing_examples:/home/pupper1/pupper_ws/install/examples_rclpy_pointcloud_publisher:/home/pupper1/pupper_ws/install/examples_rclpy_minimal_subscriber:/home/pupper1/pupper_ws/install/examples_rclpy_minimal_service:/home/pupper1/pupper_ws/install/examples_rclpy_minimal_publisher:/home/pupper1/pupper_ws/install/examples_rclpy_minimal_client:/home/pupper1/pupper_ws/install/examples_rclpy_minimal_action_server:/home/pupper1/pupper_ws/install/examples_rclpy_minimal_action_client:/home/pupper1/pupper_ws/install/examples_rclpy_guard_conditions:/home/pupper1/pupper_ws/install/examples_rclpy_executors:/opt/ros/humble /usr/bin/cmake /home/pupper1/pupper_ws/src/pupperstatecontroller -DCMAKE_INSTALL_PREFIX=/home/pupper1/pupper_ws/src/pupperstatecontroller/install/pupperstatecontroller
[14.261s] DEBUG:colcon.colcon_core.event_handler.log_command:Invoked command in '/home/pupper1/pupper_ws/src/pupperstatecontroller/build/pupperstatecontroller' returned '0': CMAKE_PREFIX_PATH=${CMAKE_PREFIX_PATH}:/home/pupper1/pupper_ws/install/launch_testing_examples:/home/pupper1/pupper_ws/install/examples_rclpy_pointcloud_publisher:/home/pupper1/pupper_ws/install/examples_rclpy_minimal_subscriber:/home/pupper1/pupper_ws/install/examples_rclpy_minimal_service:/home/pupper1/pupper_ws/install/examples_rclpy_minimal_publisher:/home/pupper1/pupper_ws/install/examples_rclpy_minimal_client:/home/pupper1/pupper_ws/install/examples_rclpy_minimal_action_server:/home/pupper1/pupper_ws/install/examples_rclpy_minimal_action_client:/home/pupper1/pupper_ws/install/examples_rclpy_guard_conditions:/home/pupper1/pupper_ws/install/examples_rclpy_executors:/opt/ros/humble /usr/bin/cmake /home/pupper1/pupper_ws/src/pupperstatecontroller -DCMAKE_INSTALL_PREFIX=/home/pupper1/pupper_ws/src/pupperstatecontroller/install/pupperstatecontroller
[14.274s] DEBUG:colcon.colcon_core.event_handler.log_command:Invoking command in '/home/pupper1/pupper_ws/src/pupperstatecontroller/build/pupperstatecontroller': CMAKE_PREFIX_PATH=${CMAKE_PREFIX_PATH}:/home/pupper1/pupper_ws/install/launch_testing_examples:/home/pupper1/pupper_ws/install/examples_rclpy_pointcloud_publisher:/home/pupper1/pupper_ws/install/examples_rclpy_minimal_subscriber:/home/pupper1/pupper_ws/install/examples_rclpy_minimal_service:/home/pupper1/pupper_ws/install/examples_rclpy_minimal_publisher:/home/pupper1/pupper_ws/install/examples_rclpy_minimal_client:/home/pupper1/pupper_ws/install/examples_rclpy_minimal_action_server:/home/pupper1/pupper_ws/install/examples_rclpy_minimal_action_client:/home/pupper1/pupper_ws/install/examples_rclpy_guard_conditions:/home/pupper1/pupper_ws/install/examples_rclpy_executors:/opt/ros/humble /usr/bin/cmake --build /home/pupper1/pupper_ws/src/pupperstatecontroller/build/pupperstatecontroller -- -j4 -l4
[14.453s] DEBUG:colcon.colcon_core.event_handler.log_command:Invoked command in '/home/pupper1/pupper_ws/src/pupperstatecontroller/build/pupperstatecontroller' returned '0': CMAKE_PREFIX_PATH=${CMAKE_PREFIX_PATH}:/home/pupper1/pupper_ws/install/launch_testing_examples:/home/pupper1/pupper_ws/install/examples_rclpy_pointcloud_publisher:/home/pupper1/pupper_ws/install/examples_rclpy_minimal_subscriber:/home/pupper1/pupper_ws/install/examples_rclpy_minimal_service:/home/pupper1/pupper_ws/install/examples_rclpy_minimal_publisher:/home/pupper1/pupper_ws/install/examples_rclpy_minimal_client:/home/pupper1/pupper_ws/install/examples_rclpy_minimal_action_server:/home/pupper1/pupper_ws/install/examples_rclpy_minimal_action_client:/home/pupper1/pupper_ws/install/examples_rclpy_guard_conditions:/home/pupper1/pupper_ws/install/examples_rclpy_executors:/opt/ros/humble /usr/bin/cmake --build /home/pupper1/pupper_ws/src/pupperstatecontroller/build/pupperstatecontroller -- -j4 -l4
[14.644s] DEBUG:colcon.colcon_core.event_handler.log_command:Invoking command in '/home/pupper1/pupper_ws/src/pupperstatecontroller/build/pupperstatecontroller': CMAKE_PREFIX_PATH=${CMAKE_PREFIX_PATH}:/home/pupper1/pupper_ws/install/launch_testing_examples:/home/pupper1/pupper_ws/install/examples_rclpy_pointcloud_publisher:/home/pupper1/pupper_ws/install/examples_rclpy_minimal_subscriber:/home/pupper1/pupper_ws/install/examples_rclpy_minimal_service:/home/pupper1/pupper_ws/install/examples_rclpy_minimal_publisher:/home/pupper1/pupper_ws/install/examples_rclpy_minimal_client:/home/pupper1/pupper_ws/install/examples_rclpy_minimal_action_server:/home/pupper1/pupper_ws/install/examples_rclpy_minimal_action_client:/home/pupper1/pupper_ws/install/examples_rclpy_guard_conditions:/home/pupper1/pupper_ws/install/examples_rclpy_executors:/opt/ros/humble /usr/bin/cmake --install /home/pupper1/pupper_ws/src/pupperstatecontroller/build/pupperstatecontroller
[14.710s] Level 1:colcon.colcon_core.environment:create_environment_scripts_only(pupperstatecontroller)
[14.713s] DEBUG:colcon.colcon_core.event_handler.log_command:Invoked command in '/home/pupper1/pupper_ws/src/pupperstatecontroller/build/pupperstatecontroller' returned '0': CMAKE_PREFIX_PATH=${CMAKE_PREFIX_PATH}:/home/pupper1/pupper_ws/install/launch_testing_examples:/home/pupper1/pupper_ws/install/examples_rclpy_pointcloud_publisher:/home/pupper1/pupper_ws/install/examples_rclpy_minimal_subscriber:/home/pupper1/pupper_ws/install/examples_rclpy_minimal_service:/home/pupper1/pupper_ws/install/examples_rclpy_minimal_publisher:/home/pupper1/pupper_ws/install/examples_rclpy_minimal_client:/home/pupper1/pupper_ws/install/examples_rclpy_minimal_action_server:/home/pupper1/pupper_ws/install/examples_rclpy_minimal_action_client:/home/pupper1/pupper_ws/install/examples_rclpy_guard_conditions:/home/pupper1/pupper_ws/install/examples_rclpy_executors:/opt/ros/humble /usr/bin/cmake --install /home/pupper1/pupper_ws/src/pupperstatecontroller/build/pupperstatecontroller
[14.870s] Level 1:colcon.colcon_core.environment:checking '/home/pupper1/pupper_ws/src/pupperstatecontroller/install/pupperstatecontroller' for CMake module files
[14.873s] Level 1:colcon.colcon_core.environment:checking '/home/pupper1/pupper_ws/src/pupperstatecontroller/install/pupperstatecontroller' for CMake config files
[14.875s] Level 1:colcon.colcon_core.shell:create_environment_hook('pupperstatecontroller', 'cmake_prefix_path')
[14.968s] INFO:colcon.colcon_core.shell:Creating environment hook '/home/pupper1/pupper_ws/src/pupperstatecontroller/install/pupperstatecontroller/share/pupperstatecontroller/hook/cmake_prefix_path.ps1'
[14.971s] INFO:colcon.colcon_core.shell:Creating environment descriptor '/home/pupper1/pupper_ws/src/pupperstatecontroller/install/pupperstatecontroller/share/pupperstatecontroller/hook/cmake_prefix_path.dsv'
[14.973s] INFO:colcon.colcon_core.shell:Creating environment hook '/home/pupper1/pupper_ws/src/pupperstatecontroller/install/pupperstatecontroller/share/pupperstatecontroller/hook/cmake_prefix_path.sh'
[14.977s] Level 1:colcon.colcon_core.environment:checking '/home/pupper1/pupper_ws/src/pupperstatecontroller/install/pupperstatecontroller/bin'
[14.978s] Level 1:colcon.colcon_core.environment:checking '/home/pupper1/pupper_ws/src/pupperstatecontroller/install/pupperstatecontroller/lib/pkgconfig/pupperstatecontroller.pc'
[14.979s] Level 1:colcon.colcon_core.environment:checking '/home/pupper1/pupper_ws/src/pupperstatecontroller/install/pupperstatecontroller/lib/python3.10/site-packages'
[14.980s] Level 1:colcon.colcon_core.environment:checking '/home/pupper1/pupper_ws/src/pupperstatecontroller/install/pupperstatecontroller/bin'
[15.069s] INFO:colcon.colcon_core.shell:Creating package script '/home/pupper1/pupper_ws/src/pupperstatecontroller/install/pupperstatecontroller/share/pupperstatecontroller/package.ps1'
[15.073s] INFO:colcon.colcon_core.shell:Creating package descriptor '/home/pupper1/pupper_ws/src/pupperstatecontroller/install/pupperstatecontroller/share/pupperstatecontroller/package.dsv'
[15.076s] INFO:colcon.colcon_core.shell:Creating package script '/home/pupper1/pupper_ws/src/pupperstatecontroller/install/pupperstatecontroller/share/pupperstatecontroller/package.sh'
[15.079s] INFO:colcon.colcon_core.shell:Creating package script '/home/pupper1/pupper_ws/src/pupperstatecontroller/install/pupperstatecontroller/share/pupperstatecontroller/package.bash'
[15.084s] INFO:colcon.colcon_core.shell:Creating package script '/home/pupper1/pupper_ws/src/pupperstatecontroller/install/pupperstatecontroller/share/pupperstatecontroller/package.zsh'
[15.088s] Level 1:colcon.colcon_core.environment:create_file_with_runtime_dependencies(/home/pupper1/pupper_ws/src/pupperstatecontroller/install/pupperstatecontroller/share/colcon-core/packages/pupperstatecontroller)
[15.271s] DEBUG:colcon.colcon_parallel_executor.executor.parallel:run_until_complete was interrupted
[15.271s] DEBUG:colcon.colcon_parallel_executor.executor.parallel:run_until_complete again
[15.272s] DEBUG:colcon.colcon_parallel_executor.executor.parallel:run_until_complete finished
[15.273s] DEBUG:colcon.colcon_parallel_executor.executor.parallel:closing loop
[15.274s] DEBUG:colcon.colcon_parallel_executor.executor.parallel:loop closed
[15.274s] DEBUG:colcon.colcon_core.event_reactor:joining thread
[15.425s] INFO:colcon.colcon_core.plugin_system:Skipping extension 'colcon_notification.desktop_notification.terminal_notifier': Not used on non-Darwin systems
[15.425s] INFO:colcon.colcon_core.plugin_system:Skipping extension 'colcon_notification.desktop_notification.win32': Not used on non-Windows systems
[15.425s] INFO:colcon.colcon_notification.desktop_notification:Sending desktop notification using 'notify2'
[16.191s] DEBUG:colcon.colcon_core.event_reactor:joined thread
[16.289s] INFO:colcon.colcon_core.shell:Creating prefix script '/home/pupper1/pupper_ws/src/pupperstatecontroller/install/local_setup.ps1'
[16.293s] INFO:colcon.colcon_core.shell:Creating prefix util module '/home/pupper1/pupper_ws/src/pupperstatecontroller/install/_local_setup_util_ps1.py'
[16.298s] INFO:colcon.colcon_core.shell:Creating prefix chain script '/home/pupper1/pupper_ws/src/pupperstatecontroller/install/setup.ps1'
[16.437s] INFO:colcon.colcon_core.shell:Creating prefix script '/home/pupper1/pupper_ws/src/pupperstatecontroller/install/local_setup.sh'
[16.440s] INFO:colcon.colcon_core.shell:Creating prefix util module '/home/pupper1/pupper_ws/src/pupperstatecontroller/install/_local_setup_util_sh.py'
[16.442s] INFO:colcon.colcon_core.shell:Creating prefix chain script '/home/pupper1/pupper_ws/src/pupperstatecontroller/install/setup.sh'
[16.529s] INFO:colcon.colcon_core.shell:Creating prefix script '/home/pupper1/pupper_ws/src/pupperstatecontroller/install/local_setup.bash'
[16.532s] INFO:colcon.colcon_core.shell:Creating prefix chain script '/home/pupper1/pupper_ws/src/pupperstatecontroller/install/setup.bash'
[16.618s] INFO:colcon.colcon_core.shell:Creating prefix script '/home/pupper1/pupper_ws/src/pupperstatecontroller/install/local_setup.zsh'
[16.620s] INFO:colcon.colcon_core.shell:Creating prefix chain script '/home/pupper1/pupper_ws/src/pupperstatecontroller/install/setup.zsh'
